mode: set
gitlab.com/vk-golang/lectures/03_net1/99_hw/coverage/client.go:69.80,73.19 2 1
gitlab.com/vk-golang/lectures/03_net1/99_hw/coverage/client.go:73.19,75.3 1 1
gitlab.com/vk-golang/lectures/03_net1/99_hw/coverage/client.go:76.2,76.20 1 1
gitlab.com/vk-golang/lectures/03_net1/99_hw/coverage/client.go:76.20,78.3 1 1
gitlab.com/vk-golang/lectures/03_net1/99_hw/coverage/client.go:79.2,79.20 1 1
gitlab.com/vk-golang/lectures/03_net1/99_hw/coverage/client.go:79.20,81.3 1 1
gitlab.com/vk-golang/lectures/03_net1/99_hw/coverage/client.go:84.2,96.16 10 1
gitlab.com/vk-golang/lectures/03_net1/99_hw/coverage/client.go:96.16,97.54 1 1
gitlab.com/vk-golang/lectures/03_net1/99_hw/coverage/client.go:97.54,99.4 1 1
gitlab.com/vk-golang/lectures/03_net1/99_hw/coverage/client.go:100.3,100.50 1 1
gitlab.com/vk-golang/lectures/03_net1/99_hw/coverage/client.go:102.2,105.25 3 1
gitlab.com/vk-golang/lectures/03_net1/99_hw/coverage/client.go:106.31,107.44 1 1
gitlab.com/vk-golang/lectures/03_net1/99_hw/coverage/client.go:108.38,109.53 1 1
gitlab.com/vk-golang/lectures/03_net1/99_hw/coverage/client.go:110.29,113.17 3 1
gitlab.com/vk-golang/lectures/03_net1/99_hw/coverage/client.go:113.17,115.4 1 1
gitlab.com/vk-golang/lectures/03_net1/99_hw/coverage/client.go:116.3,116.42 1 1
gitlab.com/vk-golang/lectures/03_net1/99_hw/coverage/client.go:116.42,118.4 1 1
gitlab.com/vk-golang/lectures/03_net1/99_hw/coverage/client.go:119.3,119.73 1 1
gitlab.com/vk-golang/lectures/03_net1/99_hw/coverage/client.go:122.2,124.16 3 1
gitlab.com/vk-golang/lectures/03_net1/99_hw/coverage/client.go:124.16,126.3 1 1
gitlab.com/vk-golang/lectures/03_net1/99_hw/coverage/client.go:128.2,129.28 2 1
gitlab.com/vk-golang/lectures/03_net1/99_hw/coverage/client.go:129.28,132.3 2 1
gitlab.com/vk-golang/lectures/03_net1/99_hw/coverage/client.go:132.8,134.3 1 1
gitlab.com/vk-golang/lectures/03_net1/99_hw/coverage/client.go:136.2,136.21 1 1
gitlab.com/vk-golang/lectures/03_net1/99_hw/coverage/server.go:32.48,34.16 2 1
gitlab.com/vk-golang/lectures/03_net1/99_hw/coverage/server.go:34.16,37.3 2 1
gitlab.com/vk-golang/lectures/03_net1/99_hw/coverage/server.go:39.2,41.21 3 1
gitlab.com/vk-golang/lectures/03_net1/99_hw/coverage/server.go:41.21,44.3 2 1
gitlab.com/vk-golang/lectures/03_net1/99_hw/coverage/server.go:46.2,46.20 1 1
gitlab.com/vk-golang/lectures/03_net1/99_hw/coverage/server.go:49.52,52.16 3 1
gitlab.com/vk-golang/lectures/03_net1/99_hw/coverage/server.go:52.16,55.3 2 1
gitlab.com/vk-golang/lectures/03_net1/99_hw/coverage/server.go:56.2,57.44 2 1
gitlab.com/vk-golang/lectures/03_net1/99_hw/coverage/server.go:57.44,61.3 1 1
gitlab.com/vk-golang/lectures/03_net1/99_hw/coverage/server.go:63.2,63.18 1 1
gitlab.com/vk-golang/lectures/03_net1/99_hw/coverage/server.go:66.82,73.97 5 1
gitlab.com/vk-golang/lectures/03_net1/99_hw/coverage/server.go:73.97,75.3 1 1
gitlab.com/vk-golang/lectures/03_net1/99_hw/coverage/server.go:76.2,77.99 2 1
gitlab.com/vk-golang/lectures/03_net1/99_hw/coverage/server.go:77.99,79.3 1 1
gitlab.com/vk-golang/lectures/03_net1/99_hw/coverage/server.go:81.2,83.39 2 1
gitlab.com/vk-golang/lectures/03_net1/99_hw/coverage/server.go:83.39,85.3 1 1
gitlab.com/vk-golang/lectures/03_net1/99_hw/coverage/server.go:87.2,89.29 2 1
gitlab.com/vk-golang/lectures/03_net1/99_hw/coverage/server.go:92.67,93.20 1 1
gitlab.com/vk-golang/lectures/03_net1/99_hw/coverage/server.go:94.10,95.14 1 1
gitlab.com/vk-golang/lectures/03_net1/99_hw/coverage/server.go:96.14,97.40 1 1
gitlab.com/vk-golang/lectures/03_net1/99_hw/coverage/server.go:97.40,98.19 1 1
gitlab.com/vk-golang/lectures/03_net1/99_hw/coverage/server.go:98.19,100.5 1 1
gitlab.com/vk-golang/lectures/03_net1/99_hw/coverage/server.go:100.10,102.5 1 1
gitlab.com/vk-golang/lectures/03_net1/99_hw/coverage/server.go:104.12,105.40 1 1
gitlab.com/vk-golang/lectures/03_net1/99_hw/coverage/server.go:105.40,106.19 1 1
gitlab.com/vk-golang/lectures/03_net1/99_hw/coverage/server.go:106.19,108.5 1 1
gitlab.com/vk-golang/lectures/03_net1/99_hw/coverage/server.go:108.10,110.5 1 1
gitlab.com/vk-golang/lectures/03_net1/99_hw/coverage/server.go:112.13,113.40 1 1
gitlab.com/vk-golang/lectures/03_net1/99_hw/coverage/server.go:113.40,114.19 1 1
gitlab.com/vk-golang/lectures/03_net1/99_hw/coverage/server.go:114.19,116.5 1 1
gitlab.com/vk-golang/lectures/03_net1/99_hw/coverage/server.go:116.10,118.5 1 1
gitlab.com/vk-golang/lectures/03_net1/99_hw/coverage/server.go:122.2,122.13 1 1
gitlab.com/vk-golang/lectures/03_net1/99_hw/coverage/server.go:125.70,126.28 1 1
gitlab.com/vk-golang/lectures/03_net1/99_hw/coverage/server.go:126.28,128.3 1 1
gitlab.com/vk-golang/lectures/03_net1/99_hw/coverage/server.go:129.2,129.26 1 1
gitlab.com/vk-golang/lectures/03_net1/99_hw/coverage/server.go:129.26,131.3 1 1
gitlab.com/vk-golang/lectures/03_net1/99_hw/coverage/server.go:131.8,133.3 1 1
gitlab.com/vk-golang/lectures/03_net1/99_hw/coverage/server.go:136.59,138.39 1 1
gitlab.com/vk-golang/lectures/03_net1/99_hw/coverage/server.go:138.39,141.3 2 1
gitlab.com/vk-golang/lectures/03_net1/99_hw/coverage/server.go:143.2,145.20 2 1
gitlab.com/vk-golang/lectures/03_net1/99_hw/coverage/server.go:145.20,148.3 2 1
gitlab.com/vk-golang/lectures/03_net1/99_hw/coverage/server.go:150.2,152.25 2 1
gitlab.com/vk-golang/lectures/03_net1/99_hw/coverage/server.go:152.25,155.3 2 1
gitlab.com/vk-golang/lectures/03_net1/99_hw/coverage/server.go:157.2,160.43 3 1
gitlab.com/vk-golang/lectures/03_net1/99_hw/coverage/server.go:160.43,161.22 1 1
gitlab.com/vk-golang/lectures/03_net1/99_hw/coverage/server.go:161.22,163.4 1 1
gitlab.com/vk-golang/lectures/03_net1/99_hw/coverage/server.go:166.2,166.37 1 1
gitlab.com/vk-golang/lectures/03_net1/99_hw/coverage/server.go:166.37,168.3 1 1
gitlab.com/vk-golang/lectures/03_net1/99_hw/coverage/server.go:169.2,169.25 1 1
gitlab.com/vk-golang/lectures/03_net1/99_hw/coverage/server.go:169.25,172.27 3 1
gitlab.com/vk-golang/lectures/03_net1/99_hw/coverage/server.go:172.27,175.4 2 0
gitlab.com/vk-golang/lectures/03_net1/99_hw/coverage/server.go:176.3,177.22 2 1
gitlab.com/vk-golang/lectures/03_net1/99_hw/coverage/server.go:177.22,180.4 2 0
gitlab.com/vk-golang/lectures/03_net1/99_hw/coverage/server.go:181.3,181.9 1 1
gitlab.com/vk-golang/lectures/03_net1/99_hw/coverage/server.go:184.2,185.27 2 1
gitlab.com/vk-golang/lectures/03_net1/99_hw/coverage/server.go:185.27,187.55 1 1
gitlab.com/vk-golang/lectures/03_net1/99_hw/coverage/server.go:187.55,189.4 1 1
gitlab.com/vk-golang/lectures/03_net1/99_hw/coverage/server.go:192.2,192.34 1 1
gitlab.com/vk-golang/lectures/03_net1/99_hw/coverage/server.go:192.34,194.3 1 1
gitlab.com/vk-golang/lectures/03_net1/99_hw/coverage/server.go:196.2,199.16 3 1
gitlab.com/vk-golang/lectures/03_net1/99_hw/coverage/server.go:199.16,202.3 2 0
gitlab.com/vk-golang/lectures/03_net1/99_hw/coverage/server.go:204.2,206.21 3 1
gitlab.com/vk-golang/lectures/03_net1/99_hw/coverage/server.go:206.21,209.3 2 0
